
 _____             _           _____ _         _____
|   __|___ ___ ___| |_ ___ ___|  _  |_|___ ___| __  |
|__   | . | -_|  _|  _|  _| . |   __| | . | -_|    -|
|_____|  _|___|___|_| |_| |___|__|  |_|  _|___|__|__|
      |_|                             |_|
##################  log file  #######################

version: 0.2.0
 
MESSAGE: #*****************************************
MESSAGE: # READ SPECTRONAUT MODULE
MESSAGE: #*****************************************
MESSAGE: 
MESSAGE: loading data ...
MESSAGE: write input data to output folder ...
MESSAGE: R.FileName capping ...
MESSAGE: create folder: 02_ID_rate/40_sample_analysis
MESSAGE: generating intermediate SDRF file
MESSAGE: saving intermediate SDRF file ... please use https://lessdrf.streamlit.app for finalizing/editing file before submitting to a public repository
MESSAGE: _________ data set loaded with ... _________
MESSAGE: number of raw files = 40
MESSAGE: number of conditions = 2
MESSAGE: number of ions without filtering = 52503
MESSAGE: number of peptides without filtering = 42051
MESSAGE: number of Protein groups without filtering = 4200
MESSAGE: count profiled values ...
MESSAGE: no profiled ions in data, profiling was omitted in Spectronaut  ...
MESSAGE: performing counting of min. sample percentage where an ion was detected...
MESSAGE: ion Q-value cutoff < 0.01
MESSAGE: 2.5 % (1/40) is the min. sample percentage where an ion was detected
MESSAGE: performing ID rate filtering ...
MESSAGE: performing protein count over replicates (more than or equal 2 peptides) ...
MESSAGE: performing protein count (<2 and more than or equal 2 peptides) ...
MESSAGE: _________ ON/OFF analysis: _________
MESSAGE: ... filter with Q-value 0.01 ...
MESSAGE: ... filter for 2 peptides and min. present in 50% of replicates ...
MESSAGE: ... ON/OFF analysis write outputs ...
MESSAGE: count missed cleavages ...
MESSAGE: save missed cleavage plots...
MESSAGE: _________ ID rate per sample: _________
MESSAGE: ions: median=38348; min. = 18671; max. = 48316
MESSAGE: modified peptides: median = 33173.5; min. = 16014; max. = 41503
MESSAGE: stripped peptides: median = 31077; min. = 14887; max. = 38839
MESSAGE: protein groups: median=3968.5; min. = 2564; max. = 4147
ERROR: Attention ---> OUTLIER detected !!! > 30 % lower than median ion ID rate
MESSAGE: samples detected with ID rates below cutoff of  26843.6 :
WARNING: XTT001_EVOSE...9_S3-F2_1_1632
XTT001_EVOSE...4_S3-C2_1_1637
XTT001_EVOSE...5_S3-D7_1_1668
XTT001_EVOSE...7_S3-B2_1_1680
XTT001_EVOSE...5_S3-G7_1_1604
XTT001_EVOSE...0_S3-A7_1_1812
XTT001_EVOSE...0_S3-H7_1_1752
MESSAGE: read module done --> please check outputs in folder: PXD047839_cancer_cohort_NP2_SEER_SN19/02_ID_rate/
MESSAGE: 
MESSAGE: #*****************************************
MESSAGE: # NORMALIZATION & QUANTIFICATION MODULE
MESSAGE: #*****************************************
MESSAGE: 
MESSAGE: sorting Replicates and conditions ...
MESSAGE: NORMALIZATION WAS DONE IN SPECTRONAUT...
MESSAGE: ...skipping normalization step and use Spectronaut normalized data instead...
MESSAGE: save Normalization factor plot ...
MESSAGE: save Normalization boxplot ...
MESSAGE: generate ion CV data...
MESSAGE: save ion CV data plots...
MESSAGE: save ion CV data vs. mean intensity hexbin plots...
MESSAGE: calculating peptide intensity data ...
MESSAGE: writing peptide intensity data ...
MESSAGE: filter Met_oxidized peptides ... TRUE
MESSAGE: 3228 Met_oxidized peptides filtered for quantification
MESSAGE: replacing 0.000598802395209581 % of values (ZERO quantity values)
MESSAGE: with 0.5 = half-minimal value
MESSAGE: protein intensity calculation ...
MESSAGE: extracting iBAQ intensities from Spectronaut report ...
MESSAGE: calc. mean, SD, CV of iBAQ intensities ...
MESSAGE: ... save iBAQ data ...
MESSAGE: perform maxLFQ protein intensity calculation ... (this will take some time)
MESSAGE: ... preprocessing data for MaxLFQ estimation ...
MESSAGE: ... generate protein list for MaxLFQ estimation ...
MESSAGE: ... calculation of MaxLFQ ...
MESSAGE: ... generate outputs for MaxLFQ estimation ...
MESSAGE: ... do median normalization of MaxLFQ data ...
MESSAGE: ... save MaxLFQ boxplot ...
MESSAGE: ... save MaxLFQ data ...
MESSAGE: ... compare protein intensities and iBAQ protein intensities ...
MESSAGE: ... CV plot calculation ...
MESSAGE: ... calc. cumulative frequency of CV ...
MESSAGE: ... render CV plot ...
MESSAGE: generating raw file / condition file ...
MESSAGE: no outlier detected with 4 fold difference from the median
MESSAGE: norm. & quant. module done --> please check outputs in folder: PXD047839_cancer_cohort_NP2_SEER_SN19/03_normalization/
MESSAGE: norm. & quant. module done --> please check outputs in folder: PXD047839_cancer_cohort_NP2_SEER_SN19/05_processed_data/
MESSAGE: 
MESSAGE: #*****************************************
MESSAGE: # MVA MODULE
MESSAGE: #*****************************************
MESSAGE: 
MESSAGE: perfoming multivariate analysis ...
MESSAGE: generating raw file / condition file ...
MESSAGE: PCA analysis on peptide level ...
MESSAGE: PCA analysis on protein level ...
MESSAGE: ... 0 proteins removed due to NAs
MESSAGE: generating Scree plots ...
MESSAGE: generating Top10 variable contribution plot ...
MESSAGE: generating 3D PCA plot ...
MESSAGE: generating PCA plot 1st vs. 2nd dimension ...
MESSAGE: generating PCA plot 1st to 5th dimension ...
MESSAGE: saving PCA plot 1st to 5th dimension ...
MESSAGE: generating Biplot of Top10 variables and individuals ...
MESSAGE: generating individuals contribution plot ...
MESSAGE: generating PCA plot matrix ...
MESSAGE: saving PCA plot matrix ...
MESSAGE: saving 3D PCA plots ...
MESSAGE: performing correlation analysis ...
MESSAGE: performing correlation analysis - calculate p-values ...
MESSAGE: generating correlation plots ...
MESSAGE: saving correlation plots ...
MESSAGE: saving correlation plots with condition info ...
MESSAGE: perform UMAP analysis on protein level ...
MESSAGE: try UMAP with default settings ...
MESSAGE: MVA module done --> please check outputs in folder: PXD047839_cancer_cohort_NP2_SEER_SN19/04_multivariate_analysis/
MESSAGE: 
MESSAGE: #*****************************************
MESSAGE: # STATISTICS MODULE
MESSAGE: #*****************************************
MESSAGE: 
MESSAGE: reformatting data ...
MESSAGE: register processor cores ...
MESSAGE: performing statistical analysis (this might take a while) ...
MESSAGE: close cores ...
MESSAGE: start to end time comparison for stat. analysis: 0.606678170561791 hours
MESSAGE: estimating effect sizes ...
MESSAGE: join and tidy tables ...
MESSAGE: filtering statistical table using supplied cutoffs ...
MESSAGE: writing output files ...
MESSAGE: adding iBAQ quantiles to statistics table ...
MESSAGE: generating Excel outputs ...
MESSAGE: performing fold-change cutoff sensitivity analysis ...
MESSAGE: plotting fold-change cutoff sensitivity analysis ...
MESSAGE: plotting fold-change simple cutoff sensitivity analysis (peptide n > 1)...
MESSAGE: generating volcano plots ...
MESSAGE: condition-comparison-wise signal to noise comparison ...
MESSAGE: ...signal to noise: save scatter plot...
MESSAGE: condition-comparison-wise comparison of peptide-int.-ratios vs. protein-int.-ratios ...
MESSAGE: ...calculating protein ratios...
MESSAGE: ...combining ratio tables...
MESSAGE: ...generating ratio-ratios: protein_ratios/peptide_ratios...
MESSAGE: ...filter for at least 2 peptides...
MESSAGE: ...adding of protein intensity to table...
MESSAGE: ...add signal to noise per group...
MESSAGE: ...add detection with selected q-value cutoff with at least 2 peptides per replicate...
MESSAGE: ...add direction comparison for protein or peptide condition comp. ratio...
MESSAGE: ...save table of stat. significant with poor signal to noise...
MESSAGE: ...counting protein which having a 2fold difference...
MESSAGE: ...select Top15 over- or under-estimated proteins...
MESSAGE: ...protein int. benchmark: save scatter plot...
MESSAGE: ...protein int. benchmark: save histogram plot...
MESSAGE: ...protein int. benchmark: save table...
MESSAGE: ...counting protein: gradient of difference...
MESSAGE: ...protein int. benchmark: gradient of difference area plots...
MESSAGE: statistics module done --> please check outputs in folder: PXD047839_cancer_cohort_NP2_SEER_SN19/06_statistics/
MESSAGE: 
MESSAGE: #*****************************************
MESSAGE: # REPORT MODULE
MESSAGE: #*****************************************
MESSAGE: 
MESSAGE: generating methods part ...
MESSAGE: render HTML report ... this might take a while
MESSAGE: render HTML report ... DONE!
